c:\lavoro\rotechnology\arearicerca\progetti\010023_energyecs\3 development\wp6\t6.7\software\ec-lcm_stable\ec-lcm\ec-lcm\ec-lcm\x64\debug\vc143.pdb
c:\lavoro\rotechnology\arearicerca\progetti\010023_energyecs\3 development\wp6\t6.7\software\ec-lcm_stable\ec-lcm\ec-lcm\ec-lcm\x64\debug\vc143.idb
c:\lavoro\rotechnology\arearicerca\progetti\010023_energyecs\3 development\wp6\t6.7\software\ec-lcm_stable\ec-lcm\ec-lcm\ec-lcm\x64\debug\main.obj
c:\lavoro\rotechnology\arearicerca\progetti\010023_energyecs\3 development\wp6\t6.7\software\ec-lcm_stable\ec-lcm\ec-lcm\x64\debug\ec-lcm.exe
c:\lavoro\rotechnology\arearicerca\progetti\010023_energyecs\3 development\wp6\t6.7\software\ec-lcm_stable\ec-lcm\ec-lcm\x64\debug\ec-lcm.pdb
c:\lavoro\rotechnology\arearicerca\progetti\010023_energyecs\3 development\wp6\t6.7\software\ec-lcm_stable\ec-lcm\ec-lcm\ec-lcm\x64\debug\ec-lcm.ilk
c:\lavoro\rotechnology\arearicerca\progetti\010023_energyecs\3 development\wp6\t6.7\software\ec-lcm_stable\ec-lcm\ec-lcm\x64\debug\main.obj
c:\lavoro\rotechnology\arearicerca\progetti\010023_energyecs\3 development\wp6\t6.7\software\ec-lcm_stable\ec-lcm\ec-lcm\x64\debug\main.obj.enc
c:\lavoro\rotechnology\arearicerca\progetti\010023_energyecs\3 development\wp6\t6.7\software\ec-lcm_stable\ec-lcm\ec-lcm\x64\debug\ec-lcm.ilk
c:\lavoro\rotechnology\arearicerca\progetti\010023_energyecs\3 development\wp6\t6.7\software\ec-lcm_stable\ec-lcm\ec-lcm\x64\debug\vc143.idb
c:\lavoro\rotechnology\arearicerca\progetti\010023_energyecs\3 development\wp6\t6.7\software\ec-lcm_stable\ec-lcm\ec-lcm\x64\debug\vc143.pdb
c:\lavoro\rotechnology\arearicerca\progetti\010023_energyecs\3 development\wp6\t6.7\software\ec-lcm_stable\ec-lcm\x64\debug\ec-lcm.pdb
c:\lavoro\rotechnology\arearicerca\progetti\010023_energyecs\3 development\wp6\t6.7\software\ec-lcm_stable\ec-lcm\x64\debug\ec-lcm.exe
c:\lavoro\rotechnology\arearicerca\progetti\010023_energyecs\3 development\wp6\t6.7\software\ec-lcm_stable\ec-lcm\ec-lcm\x64\debug\ec-lcm.tlog\cl.command.1.tlog
c:\lavoro\rotechnology\arearicerca\progetti\010023_energyecs\3 development\wp6\t6.7\software\ec-lcm_stable\ec-lcm\ec-lcm\x64\debug\ec-lcm.tlog\cl.items.tlog
c:\lavoro\rotechnology\arearicerca\progetti\010023_energyecs\3 development\wp6\t6.7\software\ec-lcm_stable\ec-lcm\ec-lcm\x64\debug\ec-lcm.tlog\cl.read.1.tlog
c:\lavoro\rotechnology\arearicerca\progetti\010023_energyecs\3 development\wp6\t6.7\software\ec-lcm_stable\ec-lcm\ec-lcm\x64\debug\ec-lcm.tlog\cl.write.1.tlog
c:\lavoro\rotechnology\arearicerca\progetti\010023_energyecs\3 development\wp6\t6.7\software\ec-lcm_stable\ec-lcm\ec-lcm\x64\debug\ec-lcm.tlog\link.command.1.tlog
c:\lavoro\rotechnology\arearicerca\progetti\010023_energyecs\3 development\wp6\t6.7\software\ec-lcm_stable\ec-lcm\ec-lcm\x64\debug\ec-lcm.tlog\link.read.1.tlog
c:\lavoro\rotechnology\arearicerca\progetti\010023_energyecs\3 development\wp6\t6.7\software\ec-lcm_stable\ec-lcm\ec-lcm\x64\debug\ec-lcm.tlog\link.secondary.1.tlog
c:\lavoro\rotechnology\arearicerca\progetti\010023_energyecs\3 development\wp6\t6.7\software\ec-lcm_stable\ec-lcm\ec-lcm\x64\debug\ec-lcm.tlog\link.write.1.tlog
